Loaded 10 sections from file.
Loaded 17 bookings from file.
Re-optimizing dependencies because lockfile has changed
2:04:05 PM [express] Server running at http://localhost:5001
2:04:05 PM [express] Test file created at: /Users/pontus.horberg-Local/Documents/GitHub/huset/data/server-test.json
2:04:26 PM [express] GET /api/health 200 in 8ms
2:04:26 PM [express] GET /api/sections 304 in 1ms :: [{"title":"Aktivitetsrum","slug":"aktivitetsrum…
2:04:26 PM [express] GET /api/health 200 in 18ms
2:04:26 PM [express] GET /api/sections 304 in 1ms :: [{"title":"Aktivitetsrum","slug":"aktivitetsrum…
Saved 10 sections to file.
2:04:41 PM [express] PATCH /api/sections/1 200 in 1ms :: {"title":"Aktivitetsrum","slug":"aktivitets…
Saved 10 sections to file.
2:04:47 PM [express] PATCH /api/sections/1 200 in 2ms :: {"title":"Aktivitetsrum","slug":"aktivitets…
2:04:49 PM [express] GET /api/health 200 in 19ms
2:04:49 PM [express] GET /api/health 200 in 17ms
2:04:49 PM [express] GET /api/sections 200 in 1ms :: [{"title":"Aktivitetsrum","slug":"aktivitetsrum…
2:04:49 PM [express] GET /api/sections 304 in 5ms :: [{"title":"Aktivitetsrum","slug":"aktivitetsrum…
Saved 10 sections to file.
2:04:56 PM [express] PATCH /api/sections/3 200 in 1ms :: {"title":"Ellagården","slug":"ellagarden","…
2:04:59 PM [express] GET /api/health 200 in 11ms
2:04:59 PM [express] GET /api/sections 200 in 0ms :: [{"title":"Aktivitetsrum","slug":"aktivitetsrum…
2:04:59 PM [express] GET /api/health 200 in 22ms
2:04:59 PM [express] GET /api/sections 304 in 0ms :: [{"title":"Aktivitetsrum","slug":"aktivitetsrum…
2:06:46 PM [vite] hmr update /src/SimpleApp.tsx?v=Hkt7Fw-JQ3TCTHcHXFM_U, /src/index.css?v=Hkt7Fw-JQ3TCTHcHXFM_U
2:06:47 PM [vite] ✨ new dependencies optimized: @uiw/react-md-editor, react-markdown
2:06:47 PM [vite] ✨ optimized dependencies changed. reloading
2:06:47 PM [express] GET /api/health 200 in 9ms
2:06:47 PM [express] GET /api/health 200 in 8ms
2:06:47 PM [express] GET /api/sections 304 in 0ms :: [{"title":"Aktivitetsrum","slug":"aktivitetsrum…
2:06:47 PM [express] GET /api/sections 200 in 0ms :: [{"title":"Aktivitetsrum","slug":"aktivitetsrum…
2:06:48 PM [express] GET /api/health 200 in 2ms
2:06:48 PM [express] GET /api/sections 304 in 0ms :: [{"title":"Aktivitetsrum","slug":"aktivitetsrum…
2:06:48 PM [express] GET /api/health 200 in 5ms
2:06:48 PM [express] GET /api/sections 304 in 1ms :: [{"title":"Aktivitetsrum","slug":"aktivitetsrum…
2:06:48 PM [express] GET /api/health 200 in 2ms
2:06:48 PM [express] GET /api/health 200 in 4ms
2:06:48 PM [express] GET /api/sections 200 in 1ms :: [{"title":"Aktivitetsrum","slug":"aktivitetsrum…
2:06:48 PM [express] GET /api/sections 304 in 0ms :: [{"title":"Aktivitetsrum","slug":"aktivitetsrum…
2:07:24 PM [express] GET /api/health 200 in 44ms
2:07:24 PM [express] GET /api/sections 304 in 1ms :: [{"title":"Aktivitetsrum","slug":"aktivitetsrum…
2:07:24 PM [express] GET /api/health 200 in 123ms
2:07:24 PM [express] GET /api/sections 304 in 0ms :: [{"title":"Aktivitetsrum","slug":"aktivitetsrum…
Saved 10 sections to file.
2:07:43 PM [express] PATCH /api/sections/2 200 in 1ms :: {"title":"Elbil","slug":"elbil","content":"…
Saved 10 sections to file.
2:07:57 PM [express] PATCH /api/sections/2 200 in 1ms :: {"title":"Elbil","slug":"elbil","content":"…
Saved 10 sections to file.
2:08:15 PM [express] PATCH /api/sections/2 200 in 2ms :: {"title":"Elbil","slug":"elbil","content":"…
Saved 10 sections to file.
2:08:30 PM [express] PATCH /api/sections/2 200 in 5ms :: {"title":"Elbil","slug":"elbil","content":"…
2:08:56 PM [express] POST /api/admin/login 200 in 9ms
2:08:56 PM [express] GET /api/sections 200 in 1ms :: [{"title":"Aktivitetsrum","slug":"aktivitetsrum…
2:08:56 PM [express] GET /api/admin/dashboard 200 in 3ms
2:08:59 PM [express] POST /api/admin/login 200 in 8ms
2:08:59 PM [express] GET /api/sections 304 in 0ms :: [{"title":"Aktivitetsrum","slug":"aktivitetsrum…
2:08:59 PM [express] GET /api/admin/dashboard 200 in 4ms
2:09:03 PM [express] GET /api/health 200 in 11ms
2:09:03 PM [express] GET /api/health 200 in 16ms
2:09:03 PM [express] GET /api/sections 304 in 1ms :: [{"title":"Aktivitetsrum","slug":"aktivitetsrum…
2:09:03 PM [express] GET /api/sections 304 in 0ms :: [{"title":"Aktivitetsrum","slug":"aktivitetsrum…
Saved 10 sections to file.
2:09:08 PM [express] PATCH /api/sections/2 200 in 4ms :: {"title":"Elbil","slug":"elbil","content":"…
Saved 10 sections to file.
2:09:35 PM [express] PATCH /api/sections/2 200 in 2ms :: {"title":"Elbil","slug":"elbil","content":"…
2:09:37 PM [express] GET /api/health 200 in 20ms
2:09:37 PM [express] GET /api/health 200 in 20ms
2:09:37 PM [express] GET /api/sections 200 in 1ms :: [{"title":"Aktivitetsrum","slug":"aktivitetsrum…
2:09:37 PM [express] GET /api/sections 200 in 1ms :: [{"title":"Aktivitetsrum","slug":"aktivitetsrum…
2:10:58 PM [vite] hmr update /src/SimpleApp.tsx?v=Hkt7Fw-JQ3TCTHcHXFM_U, /src/index.css?v=Hkt7Fw-JQ3TCTHcHXFM_U
2:10:59 PM [vite] ✨ new dependencies optimized: remark-gfm, rehype-raw
2:10:59 PM [vite] ✨ optimized dependencies changed. reloading
2:10:59 PM [express] GET /api/health 200 in 15ms
2:10:59 PM [express] GET /api/sections 200 in 0ms :: [{"title":"Aktivitetsrum","slug":"aktivitetsrum…
2:10:59 PM [express] GET /api/health 200 in 26ms
2:10:59 PM [express] GET /api/sections 304 in 0ms :: [{"title":"Aktivitetsrum","slug":"aktivitetsrum…
2:11:00 PM [express] GET /api/health 200 in 11ms
2:11:00 PM [express] GET /api/sections 304 in 1ms :: [{"title":"Aktivitetsrum","slug":"aktivitetsrum…
2:11:00 PM [express] GET /api/health 200 in 31ms
2:11:00 PM [express] GET /api/sections 304 in 0ms :: [{"title":"Aktivitetsrum","slug":"aktivitetsrum…
2:11:01 PM [express] GET /api/health 200 in 3ms
2:11:01 PM [express] GET /api/health 200 in 6ms
2:11:01 PM [express] GET /api/sections 304 in 1ms :: [{"title":"Aktivitetsrum","slug":"aktivitetsrum…
2:11:01 PM [express] GET /api/sections 304 in 1ms :: [{"title":"Aktivitetsrum","slug":"aktivitetsrum…
2:11:29 PM [express] GET /api/health 200 in 16ms
2:11:29 PM [express] GET /api/sections 304 in 0ms :: [{"title":"Aktivitetsrum","slug":"aktivitetsrum…
2:11:29 PM [express] GET /api/health 200 in 10ms
2:11:29 PM [express] GET /api/sections 304 in 2ms :: [{"title":"Aktivitetsrum","slug":"aktivitetsrum…
Saved 10 sections to file.
2:11:48 PM [express] PATCH /api/sections/2 200 in 3ms :: {"title":"Elbil","slug":"elbil","content":"…
